# JRE version: Java(TM) SE Runtime Environment (8.0_51-b16) (build 1.8.0_51-b16)
# Java VM: Java HotSpot(TM) 64-Bit Server VM (25.51-b03 mixed mode windows-amd64 compressed oops)
Heap:
 PSYoungGen      total 431616K, used 261140K [0x00000000e0000000, 0x00000000ffd00000, 0x0000000100000000)
  eden space 347648K, 72% used [0x00000000e0000000,0x00000000ef524e18,0x00000000f5380000)
  from space 83968K, 12% used [0x00000000f5380000,0x00000000f5d60218,0x00000000fa580000)
  to   space 81920K, 0% used [0x00000000fad00000,0x00000000fad00000,0x00000000ffd00000)
 ParOldGen       total 189952K, used 78667K [0x00000000a0000000, 0x00000000ab980000, 0x00000000e0000000)
  object space 189952K, 41% used [0x00000000a0000000,0x00000000a4cd2fd0,0x00000000ab980000)
 Metaspace       used 113914K, capacity 120878K, committed 121132K, reserved 1155072K
  class space    used 14710K, capacity 15876K, committed 15916K, reserved 1048576K
GC Heap History (10 events):
Event: 5479.430 GC heap before
{Heap before GC invocations=40 (full 5):
 PSYoungGen      total 432128K, used 356529K [0x00000000e0000000, 0x0000000100000000, 0x0000000100000000)
  eden space 337920K, 100% used [0x00000000e0000000,0x00000000f4a00000,0x00000000f4a00000)
  from space 94208K, 19% used [0x00000000fa400000,0x00000000fb62c600,0x0000000100000000)
  to   space 92160K, 0% used [0x00000000f4a00000,0x00000000f4a00000,0x00000000fa400000)
 ParOldGen       total 189952K, used 68297K [0x00000000a0000000, 0x00000000ab980000, 0x00000000e0000000)
  object space 189952K, 35% used [0x00000000a0000000,0x00000000a42b25e8,0x00000000ab980000)
 Metaspace       used 110929K, capacity 117042K, committed 117292K, reserved 1150976K
  class space    used 14354K, capacity 15390K, committed 15404K, reserved 1048576K
Event: 5479.486 GC heap after
Heap after GC invocations=40 (full 5):
 PSYoungGen      total 357376K, used 18972K [0x00000000e0000000, 0x00000000ffa00000, 0x0000000100000000)
  eden space 337920K, 0% used [0x00000000e0000000,0x00000000e0000000,0x00000000f4a00000)
  from space 19456K, 97% used [0x00000000f4a00000,0x00000000f5c873e8,0x00000000f5d00000)
  to   space 90112K, 0% used [0x00000000fa200000,0x00000000fa200000,0x00000000ffa00000)
 ParOldGen       total 189952K, used 76493K [0x00000000a0000000, 0x00000000ab980000, 0x00000000e0000000)
  object space 189952K, 40% used [0x00000000a0000000,0x00000000a4ab3778,0x00000000ab980000)
 Metaspace       used 110929K, capacity 117042K, committed 117292K, reserved 1150976K
  class space    used 14354K, capacity 15390K, committed 15404K, reserved 1048576K
}
Event: 5664.265 GC heap before
{Heap before GC invocations=41 (full 5):
 PSYoungGen      total 357376K, used 356892K [0x00000000e0000000, 0x00000000ffa00000, 0x0000000100000000)
  eden space 337920K, 100% used [0x00000000e0000000,0x00000000f4a00000,0x00000000f4a00000)
  from space 19456K, 97% used [0x00000000f4a00000,0x00000000f5c873e8,0x00000000f5d00000)
  to   space 90112K, 0% used [0x00000000fa200000,0x00000000fa200000,0x00000000ffa00000)
 ParOldGen       total 189952K, used 76493K [0x00000000a0000000, 0x00000000ab980000, 0x00000000e0000000)
  object space 189952K, 40% used [0x00000000a0000000,0x00000000a4ab3778,0x00000000ab980000)
 Metaspace       used 113044K, capacity 119564K, committed 119724K, reserved 1153024K
  class space    used 14632K, capacity 15713K, committed 15788K, reserved 1048576K
Event: 5664.284 GC heap after
Heap after GC invocations=41 (full 5):
 PSYoungGen      total 429056K, used 10401K [0x00000000e0000000, 0x0000000100000000, 0x0000000100000000)
  eden space 338944K, 0% used [0x00000000e0000000,0x00000000e0000000,0x00000000f4b00000)
  from space 90112K, 11% used [0x00000000fa200000,0x00000000fac28518,0x00000000ffa00000)
  to   space 89088K, 0% used [0x00000000f4b00000,0x00000000f4b00000,0x00000000fa200000)
 ParOldGen       total 189952K, used 78108K [0x00000000a0000000, 0x00000000ab980000, 0x00000000e0000000)
  object space 189952K, 41% used [0x00000000a0000000,0x00000000a4c47298,0x00000000ab980000)
 Metaspace       used 113044K, capacity 119564K, committed 119724K, reserved 1153024K
  class space    used 14632K, capacity 15713K, committed 15788K, reserved 1048576K
}
Event: 5962.693 GC heap before
{Heap before GC invocations=42 (full 5):
 PSYoungGen      total 429056K, used 349345K [0x00000000e0000000, 0x0000000100000000, 0x0000000100000000)
  eden space 338944K, 100% used [0x00000000e0000000,0x00000000f4b00000,0x00000000f4b00000)
  from space 90112K, 11% used [0x00000000fa200000,0x00000000fac28518,0x00000000ffa00000)
  to   space 89088K, 0% used [0x00000000f4b00000,0x00000000f4b00000,0x00000000fa200000)
 ParOldGen       total 189952K, used 78108K [0x00000000a0000000, 0x00000000ab980000, 0x00000000e0000000)
  object space 189952K, 41% used [0x00000000a0000000,0x00000000a4c47298,0x00000000ab980000)
 Metaspace       used 113587K, capacity 120456K, committed 120620K, reserved 1155072K
  class space    used 14694K, capacity 15871K, committed 15916K, reserved 1048576K
Event: 5962.720 GC heap after
Heap after GC invocations=42 (full 5):
 PSYoungGen      total 428032K, used 9904K [0x00000000e0000000, 0x00000000ffc00000, 0x0000000100000000)
  eden space 338944K, 0% used [0x00000000e0000000,0x00000000e0000000,0x00000000f4b00000)
  from space 89088K, 11% used [0x00000000f4b00000,0x00000000f54ac2f0,0x00000000fa200000)
  to   space 87552K, 0% used [0x00000000fa680000,0x00000000fa680000,0x00000000ffc00000)
 ParOldGen       total 189952K, used 78188K [0x00000000a0000000, 0x00000000ab980000, 0x00000000e0000000)
  object space 189952K, 41% used [0x00000000a0000000,0x00000000a4c5b298,0x00000000ab980000)
 Metaspace       used 113587K, capacity 120456K, committed 120620K, reserved 1155072K
  class space    used 14694K, capacity 15871K, committed 15916K, reserved 1048576K
}
Event: 5968.607 GC heap before
{Heap before GC invocations=43 (full 5):
 PSYoungGen      total 428032K, used 348848K [0x00000000e0000000, 0x00000000ffc00000, 0x0000000100000000)
  eden space 338944K, 100% used [0x00000000e0000000,0x00000000f4b00000,0x00000000f4b00000)
  from space 89088K, 11% used [0x00000000f4b00000,0x00000000f54ac2f0,0x00000000fa200000)
  to   space 87552K, 0% used [0x00000000fa680000,0x00000000fa680000,0x00000000ffc00000)
 ParOldGen       total 189952K, used 78188K [0x00000000a0000000, 0x00000000ab980000, 0x00000000e0000000)
  object space 189952K, 41% used [0x00000000a0000000,0x00000000a4c5b298,0x00000000ab980000)
 Metaspace       used 113890K, capacity 120872K, committed 121132K, reserved 1155072K
  class space    used 14710K, capacity 15875K, committed 15916K, reserved 1048576K
Event: 5968.658 GC heap after
Heap after GC invocations=43 (full 5):
 PSYoungGen      total 430592K, used 19934K [0x00000000e0000000, 0x00000000ff780000, 0x0000000100000000)
  eden space 347648K, 0% used [0x00000000e0000000,0x00000000e0000000,0x00000000f5380000)
  from space 82944K, 24% used [0x00000000fa680000,0x00000000fb9f7ad0,0x00000000ff780000)
  to   space 83968K, 0% used [0x00000000f5380000,0x00000000f5380000,0x00000000fa580000)
 ParOldGen       total 189952K, used 78212K [0x00000000a0000000, 0x00000000ab980000, 0x00000000e0000000)
  object space 189952K, 41% used [0x00000000a0000000,0x00000000a4c61298,0x00000000ab980000)
 Metaspace       used 113890K, capacity 120872K, committed 121132K, reserved 1155072K
  class space    used 14710K, capacity 15875K, committed 15916K, reserved 1048576K
}
Event: 5971.785 GC heap before
{Heap before GC invocations=44 (full 5):
 PSYoungGen      total 430592K, used 367582K [0x00000000e0000000, 0x00000000ff780000, 0x0000000100000000)
  eden space 347648K, 100% used [0x00000000e0000000,0x00000000f5380000,0x00000000f5380000)
  from space 82944K, 24% used [0x00000000fa680000,0x00000000fb9f7ad0,0x00000000ff780000)
  to   space 83968K, 0% used [0x00000000f5380000,0x00000000f5380000,0x00000000fa580000)
 ParOldGen       total 189952K, used 78212K [0x00000000a0000000, 0x00000000ab980000, 0x00000000e0000000)
  object space 189952K, 41% used [0x00000000a0000000,0x00000000a4c61298,0x00000000ab980000)
 Metaspace       used 113902K, capacity 120872K, committed 121132K, reserved 1155072K
  class space    used 14710K, capacity 15875K, committed 15916K, reserved 1048576K
Event: 5971.814 GC heap after
Heap after GC invocations=44 (full 5):
 PSYoungGen      total 431616K, used 10112K [0x00000000e0000000, 0x00000000ffd00000, 0x0000000100000000)
  eden space 347648K, 0% used [0x00000000e0000000,0x00000000e0000000,0x00000000f5380000)
  from space 83968K, 12% used [0x00000000f5380000,0x00000000f5d60218,0x00000000fa580000)
  to   space 81920K, 0% used [0x00000000fad00000,0x00000000fad00000,0x00000000ffd00000)
 ParOldGen       total 189952K, used 78667K [0x00000000a0000000, 0x00000000ab980000, 0x00000000e0000000)
  object space 189952K, 41% used [0x00000000a0000000,0x00000000a4cd2fd0,0x00000000ab980000)
 Metaspace       used 113902K, capacity 120872K, committed 121132K, reserved 1155072K
  class space    used 14710K, capacity 15875K, committed 15916K, reserved 1048576K
}

