# JRE version: Java(TM) SE Runtime Environment (8.0_51-b16) (build 1.8.0_51-b16)
# Java VM: Java HotSpot(TM) 64-Bit Server VM (25.51-b03 mixed mode windows-amd64 compressed oops)
Heap:
 PSYoungGen      total 359936K, used 187196K [0x00000000e0000000, 0x00000000fb600000, 0x0000000100000000)
  eden space 319488K, 58% used [0x00000000e0000000,0x00000000eb6cf058,0x00000000f3800000)
  from space 40448K, 0% used [0x00000000f7280000,0x00000000f7280000,0x00000000f9a00000)
  to   space 59904K, 0% used [0x00000000f3800000,0x00000000f3800000,0x00000000f7280000)
 ParOldGen       total 210432K, used 88347K [0x00000000a0000000, 0x00000000acd80000, 0x00000000e0000000)
  object space 210432K, 41% used [0x00000000a0000000,0x00000000a5646f20,0x00000000acd80000)
 Metaspace       used 88516K, capacity 91796K, committed 92348K, reserved 1128448K
  class space    used 11983K, capacity 12619K, committed 12748K, reserved 1048576K
GC Heap History (10 events):
Event: 34.118 GC heap before
{Heap before GC invocations=16 (full 3):
 PSYoungGen      total 244224K, used 230400K [0x00000000e0000000, 0x00000000f0100000, 0x0000000100000000)
  eden space 230400K, 100% used [0x00000000e0000000,0x00000000ee100000,0x00000000ee100000)
  from space 13824K, 0% used [0x00000000ef380000,0x00000000ef380000,0x00000000f0100000)
  to   space 16384K, 0% used [0x00000000ee100000,0x00000000ee100000,0x00000000ef100000)
 ParOldGen       total 112128K, used 33533K [0x00000000a0000000, 0x00000000a6d80000, 0x00000000e0000000)
  object space 112128K, 29% used [0x00000000a0000000,0x00000000a20bf7a8,0x00000000a6d80000)
 Metaspace       used 66064K, capacity 68208K, committed 68540K, reserved 1107968K
  class space    used 9137K, capacity 9580K, committed 9676K, reserved 1048576K
Event: 34.152 GC heap after
Heap after GC invocations=16 (full 3):
 PSYoungGen      total 246784K, used 16376K [0x00000000e0000000, 0x00000000f3d00000, 0x0000000100000000)
  eden space 230400K, 0% used [0x00000000e0000000,0x00000000e0000000,0x00000000ee100000)
  from space 16384K, 99% used [0x00000000ee100000,0x00000000ef0fe150,0x00000000ef100000)
  to   space 19456K, 0% used [0x00000000f2a00000,0x00000000f2a00000,0x00000000f3d00000)
 ParOldGen       total 112128K, used 35128K [0x00000000a0000000, 0x00000000a6d80000, 0x00000000e0000000)
  object space 112128K, 31% used [0x00000000a0000000,0x00000000a224e2a8,0x00000000a6d80000)
 Metaspace       used 66064K, capacity 68208K, committed 68540K, reserved 1107968K
  class space    used 9137K, capacity 9580K, committed 9676K, reserved 1048576K
}
Event: 64.275 GC heap before
{Heap before GC invocations=17 (full 3):
 PSYoungGen      total 246784K, used 246776K [0x00000000e0000000, 0x00000000f3d00000, 0x0000000100000000)
  eden space 230400K, 100% used [0x00000000e0000000,0x00000000ee100000,0x00000000ee100000)
  from space 16384K, 99% used [0x00000000ee100000,0x00000000ef0fe150,0x00000000ef100000)
  to   space 19456K, 0% used [0x00000000f2a00000,0x00000000f2a00000,0x00000000f3d00000)
 ParOldGen       total 112128K, used 35128K [0x00000000a0000000, 0x00000000a6d80000, 0x00000000e0000000)
  object space 112128K, 31% used [0x00000000a0000000,0x00000000a224e2a8,0x00000000a6d80000)
 Metaspace       used 80476K, capacity 83598K, committed 83772K, reserved 1122304K
  class space    used 11180K, capacity 11826K, committed 11852K, reserved 1048576K
Event: 64.336 GC heap after
Heap after GC invocations=17 (full 3):
 PSYoungGen      total 294400K, used 19449K [0x00000000e0000000, 0x00000000f4a00000, 0x0000000100000000)
  eden space 274944K, 0% used [0x00000000e0000000,0x00000000e0000000,0x00000000f0c80000)
  from space 19456K, 99% used [0x00000000f2a00000,0x00000000f3cfe550,0x00000000f3d00000)
  to   space 30208K, 0% used [0x00000000f0c80000,0x00000000f0c80000,0x00000000f2a00000)
 ParOldGen       total 112128K, used 57724K [0x00000000a0000000, 0x00000000a6d80000, 0x00000000e0000000)
  object space 112128K, 51% used [0x00000000a0000000,0x00000000a385f0a8,0x00000000a6d80000)
 Metaspace       used 80476K, capacity 83598K, committed 83772K, reserved 1122304K
  class space    used 11180K, capacity 11826K, committed 11852K, reserved 1048576K
}
Event: 69.463 GC heap before
{Heap before GC invocations=18 (full 3):
 PSYoungGen      total 294400K, used 294393K [0x00000000e0000000, 0x00000000f4a00000, 0x0000000100000000)
  eden space 274944K, 100% used [0x00000000e0000000,0x00000000f0c80000,0x00000000f0c80000)
  from space 19456K, 99% used [0x00000000f2a00000,0x00000000f3cfe550,0x00000000f3d00000)
  to   space 30208K, 0% used [0x00000000f0c80000,0x00000000f0c80000,0x00000000f2a00000)
 ParOldGen       total 112128K, used 57724K [0x00000000a0000000, 0x00000000a6d80000, 0x00000000e0000000)
  object space 112128K, 51% used [0x00000000a0000000,0x00000000a385f0a8,0x00000000a6d80000)
 Metaspace       used 84922K, capacity 88452K, committed 88636K, reserved 1126400K
  class space    used 11839K, capacity 12501K, committed 12620K, reserved 1048576K
Event: 69.596 GC heap after
Heap after GC invocations=18 (full 3):
 PSYoungGen      total 305152K, used 30182K [0x00000000e0000000, 0x00000000f9a00000, 0x0000000100000000)
  eden space 274944K, 0% used [0x00000000e0000000,0x00000000e0000000,0x00000000f0c80000)
  from space 30208K, 99% used [0x00000000f0c80000,0x00000000f29f9a60,0x00000000f2a00000)
  to   space 40448K, 0% used [0x00000000f7280000,0x00000000f7280000,0x00000000f9a00000)
 ParOldGen       total 112128K, used 72036K [0x00000000a0000000, 0x00000000a6d80000, 0x00000000e0000000)
  object space 112128K, 64% used [0x00000000a0000000,0x00000000a46592a0,0x00000000a6d80000)
 Metaspace       used 84922K, capacity 88452K, committed 88636K, reserved 1126400K
  class space    used 11839K, capacity 12501K, committed 12620K, reserved 1048576K
}
Event: 264.689 GC heap before
{Heap before GC invocations=19 (full 3):
 PSYoungGen      total 305152K, used 305048K [0x00000000e0000000, 0x00000000f9a00000, 0x0000000100000000)
  eden space 274944K, 99% used [0x00000000e0000000,0x00000000f0c6c8c0,0x00000000f0c80000)
  from space 30208K, 99% used [0x00000000f0c80000,0x00000000f29f9a60,0x00000000f2a00000)
  to   space 40448K, 0% used [0x00000000f7280000,0x00000000f7280000,0x00000000f9a00000)
 ParOldGen       total 112128K, used 72036K [0x00000000a0000000, 0x00000000a6d80000, 0x00000000e0000000)
  object space 112128K, 64% used [0x00000000a0000000,0x00000000a46592a0,0x00000000a6d80000)
 Metaspace       used 88662K, capacity 92278K, committed 92348K, reserved 1128448K
  class space    used 12042K, capacity 12732K, committed 12748K, reserved 1048576K
Event: 264.866 GC heap after
Heap after GC invocations=19 (full 3):
 PSYoungGen      total 359936K, used 40418K [0x00000000e0000000, 0x00000000fb600000, 0x0000000100000000)
  eden space 319488K, 0% used [0x00000000e0000000,0x00000000e0000000,0x00000000f3800000)
  from space 40448K, 99% used [0x00000000f7280000,0x00000000f99f8880,0x00000000f9a00000)
  to   space 59904K, 0% used [0x00000000f3800000,0x00000000f3800000,0x00000000f7280000)
 ParOldGen       total 112128K, used 107189K [0x00000000a0000000, 0x00000000a6d80000, 0x00000000e0000000)
  object space 112128K, 95% used [0x00000000a0000000,0x00000000a68ad590,0x00000000a6d80000)
 Metaspace       used 88662K, capacity 92278K, committed 92348K, reserved 1128448K
  class space    used 12042K, capacity 12732K, committed 12748K, reserved 1048576K
}
Event: 264.867 GC heap before
{Heap before GC invocations=20 (full 4):
 PSYoungGen      total 359936K, used 40418K [0x00000000e0000000, 0x00000000fb600000, 0x0000000100000000)
  eden space 319488K, 0% used [0x00000000e0000000,0x00000000e0000000,0x00000000f3800000)
  from space 40448K, 99% used [0x00000000f7280000,0x00000000f99f8880,0x00000000f9a00000)
  to   space 59904K, 0% used [0x00000000f3800000,0x00000000f3800000,0x00000000f7280000)
 ParOldGen       total 112128K, used 107189K [0x00000000a0000000, 0x00000000a6d80000, 0x00000000e0000000)
  object space 112128K, 95% used [0x00000000a0000000,0x00000000a68ad590,0x00000000a6d80000)
 Metaspace       used 88662K, capacity 92278K, committed 92348K, reserved 1128448K
  class space    used 12042K, capacity 12732K, committed 12748K, reserved 1048576K
Event: 265.325 GC heap after
Heap after GC invocations=20 (full 4):
 PSYoungGen      total 359936K, used 0K [0x00000000e0000000, 0x00000000fb600000, 0x0000000100000000)
  eden space 319488K, 0% used [0x00000000e0000000,0x00000000e0000000,0x00000000f3800000)
  from space 40448K, 0% used [0x00000000f7280000,0x00000000f7280000,0x00000000f9a00000)
  to   space 59904K, 0% used [0x00000000f3800000,0x00000000f3800000,0x00000000f7280000)
 ParOldGen       total 210432K, used 88347K [0x00000000a0000000, 0x00000000acd80000, 0x00000000e0000000)
  object space 210432K, 41% used [0x00000000a0000000,0x00000000a5646f20,0x00000000acd80000)
 Metaspace       used 88472K, capacity 91778K, committed 92348K, reserved 1128448K
  class space    used 11974K, capacity 12616K, committed 12748K, reserved 1048576K
}

