# JRE version: Java(TM) SE Runtime Environment (8.0_51-b16) (build 1.8.0_51-b16)
# Java VM: Java HotSpot(TM) 64-Bit Server VM (25.51-b03 mixed mode windows-amd64 compressed oops)
Heap:
 PSYoungGen      total 190976K, used 90005K [0x00000000e0000000, 0x00000000f2b00000, 0x0000000100000000)
  eden space 172032K, 52% used [0x00000000e0000000,0x00000000e57e5448,0x00000000ea800000)
  from space 18944K, 0% used [0x00000000ecf00000,0x00000000ecf00000,0x00000000ee180000)
  to   space 39936K, 0% used [0x00000000ea800000,0x00000000ea800000,0x00000000ecf00000)
 ParOldGen       total 209408K, used 95728K [0x00000000a0000000, 0x00000000acc80000, 0x00000000e0000000)
  object space 209408K, 45% used [0x00000000a0000000,0x00000000a5d7c348,0x00000000acc80000)
 Metaspace       used 80649K, capacity 83776K, committed 83968K, reserved 1122304K
  class space    used 11155K, capacity 11770K, committed 11776K, reserved 1048576K
GC Heap History (10 events):
Event: 55.066 GC heap before
{Heap before GC invocations=16 (full 3):
 PSYoungGen      total 152576K, used 6569K [0x00000000e0000000, 0x00000000ed900000, 0x0000000100000000)
  eden space 138752K, 0% used [0x00000000e0000000,0x00000000e0000000,0x00000000e8780000)
  from space 13824K, 47% used [0x00000000e8780000,0x00000000e8dea480,0x00000000e9500000)
  to   space 13312K, 0% used [0x00000000ecc00000,0x00000000ecc00000,0x00000000ed900000)
 ParOldGen       total 68096K, used 31056K [0x00000000a0000000, 0x00000000a4280000, 0x00000000e0000000)
  object space 68096K, 45% used [0x00000000a0000000,0x00000000a1e54078,0x00000000a4280000)
 Metaspace       used 57608K, capacity 59094K, committed 59160K, reserved 1099776K
  class space    used 7976K, capacity 8316K, committed 8320K, reserved 1048576K
Event: 55.360 GC heap after
Heap after GC invocations=16 (full 3):
 PSYoungGen      total 152576K, used 0K [0x00000000e0000000, 0x00000000ed900000, 0x0000000100000000)
  eden space 138752K, 0% used [0x00000000e0000000,0x00000000e0000000,0x00000000e8780000)
  from space 13824K, 0% used [0x00000000e8780000,0x00000000e8780000,0x00000000e9500000)
  to   space 13312K, 0% used [0x00000000ecc00000,0x00000000ecc00000,0x00000000ed900000)
 ParOldGen       total 101888K, used 31662K [0x00000000a0000000, 0x00000000a6380000, 0x00000000e0000000)
  object space 101888K, 31% used [0x00000000a0000000,0x00000000a1eebbf0,0x00000000a6380000)
 Metaspace       used 57608K, capacity 59094K, committed 59160K, reserved 1099776K
  class space    used 7976K, capacity 8316K, committed 8320K, reserved 1048576K
}
Event: 289.866 GC heap before
{Heap before GC invocations=17 (full 3):
 PSYoungGen      total 152576K, used 138752K [0x00000000e0000000, 0x00000000ed900000, 0x0000000100000000)
  eden space 138752K, 100% used [0x00000000e0000000,0x00000000e8780000,0x00000000e8780000)
  from space 13824K, 0% used [0x00000000e8780000,0x00000000e8780000,0x00000000e9500000)
  to   space 13312K, 0% used [0x00000000ecc00000,0x00000000ecc00000,0x00000000ed900000)
 ParOldGen       total 101888K, used 31662K [0x00000000a0000000, 0x00000000a6380000, 0x00000000e0000000)
  object space 101888K, 31% used [0x00000000a0000000,0x00000000a1eebbf0,0x00000000a6380000)
 Metaspace       used 65063K, capacity 67266K, committed 67456K, reserved 1107968K
  class space    used 8765K, capacity 9238K, committed 9344K, reserved 1048576K
Event: 289.903 GC heap after
Heap after GC invocations=17 (full 3):
 PSYoungGen      total 179200K, used 13118K [0x00000000e0000000, 0x00000000ed900000, 0x0000000100000000)
  eden space 165888K, 0% used [0x00000000e0000000,0x00000000e0000000,0x00000000ea200000)
  from space 13312K, 98% used [0x00000000ecc00000,0x00000000ed8cfba0,0x00000000ed900000)
  to   space 14848K, 0% used [0x00000000ebc00000,0x00000000ebc00000,0x00000000eca80000)
 ParOldGen       total 101888K, used 31670K [0x00000000a0000000, 0x00000000a6380000, 0x00000000e0000000)
  object space 101888K, 31% used [0x00000000a0000000,0x00000000a1eedbf0,0x00000000a6380000)
 Metaspace       used 65063K, capacity 67266K, committed 67456K, reserved 1107968K
  class space    used 8765K, capacity 9238K, committed 9344K, reserved 1048576K
}
Event: 334.689 GC heap before
{Heap before GC invocations=18 (full 3):
 PSYoungGen      total 179200K, used 179006K [0x00000000e0000000, 0x00000000ed900000, 0x0000000100000000)
  eden space 165888K, 100% used [0x00000000e0000000,0x00000000ea200000,0x00000000ea200000)
  from space 13312K, 98% used [0x00000000ecc00000,0x00000000ed8cfba0,0x00000000ed900000)
  to   space 14848K, 0% used [0x00000000ebc00000,0x00000000ebc00000,0x00000000eca80000)
 ParOldGen       total 101888K, used 31670K [0x00000000a0000000, 0x00000000a6380000, 0x00000000e0000000)
  object space 101888K, 31% used [0x00000000a0000000,0x00000000a1eedbf0,0x00000000a6380000)
 Metaspace       used 71104K, capacity 73610K, committed 73728K, reserved 1112064K
  class space    used 9670K, capacity 10175K, committed 10240K, reserved 1048576K
Event: 334.726 GC heap after
Heap after GC invocations=18 (full 3):
 PSYoungGen      total 207360K, used 14833K [0x00000000e0000000, 0x00000000ee180000, 0x0000000100000000)
  eden space 192512K, 0% used [0x00000000e0000000,0x00000000e0000000,0x00000000ebc00000)
  from space 14848K, 99% used [0x00000000ebc00000,0x00000000eca7c4d0,0x00000000eca80000)
  to   space 18944K, 0% used [0x00000000ecf00000,0x00000000ecf00000,0x00000000ee180000)
 ParOldGen       total 101888K, used 38478K [0x00000000a0000000, 0x00000000a6380000, 0x00000000e0000000)
  object space 101888K, 37% used [0x00000000a0000000,0x00000000a2593910,0x00000000a6380000)
 Metaspace       used 71104K, capacity 73610K, committed 73728K, reserved 1112064K
  class space    used 9670K, capacity 10175K, committed 10240K, reserved 1048576K
}
Event: 349.827 GC heap before
{Heap before GC invocations=19 (full 3):
 PSYoungGen      total 207360K, used 207345K [0x00000000e0000000, 0x00000000ee180000, 0x0000000100000000)
  eden space 192512K, 100% used [0x00000000e0000000,0x00000000ebc00000,0x00000000ebc00000)
  from space 14848K, 99% used [0x00000000ebc00000,0x00000000eca7c4d0,0x00000000eca80000)
  to   space 18944K, 0% used [0x00000000ecf00000,0x00000000ecf00000,0x00000000ee180000)
 ParOldGen       total 101888K, used 38478K [0x00000000a0000000, 0x00000000a6380000, 0x00000000e0000000)
  object space 101888K, 37% used [0x00000000a0000000,0x00000000a2593910,0x00000000a6380000)
 Metaspace       used 78312K, capacity 81520K, committed 81664K, reserved 1120256K
  class space    used 10817K, capacity 11446K, committed 11520K, reserved 1048576K
Event: 349.948 GC heap after
Heap after GC invocations=19 (full 3):
 PSYoungGen      total 190976K, used 18926K [0x00000000e0000000, 0x00000000f2b00000, 0x0000000100000000)
  eden space 172032K, 0% used [0x00000000e0000000,0x00000000e0000000,0x00000000ea800000)
  from space 18944K, 99% used [0x00000000ecf00000,0x00000000ee17bbc0,0x00000000ee180000)
  to   space 39936K, 0% used [0x00000000ea800000,0x00000000ea800000,0x00000000ecf00000)
 ParOldGen       total 101888K, used 88130K [0x00000000a0000000, 0x00000000a6380000, 0x00000000e0000000)
  object space 101888K, 86% used [0x00000000a0000000,0x00000000a5610b30,0x00000000a6380000)
 Metaspace       used 78312K, capacity 81520K, committed 81664K, reserved 1120256K
  class space    used 10817K, capacity 11446K, committed 11520K, reserved 1048576K
}
Event: 349.948 GC heap before
{Heap before GC invocations=20 (full 4):
 PSYoungGen      total 190976K, used 18926K [0x00000000e0000000, 0x00000000f2b00000, 0x0000000100000000)
  eden space 172032K, 0% used [0x00000000e0000000,0x00000000e0000000,0x00000000ea800000)
  from space 18944K, 99% used [0x00000000ecf00000,0x00000000ee17bbc0,0x00000000ee180000)
  to   space 39936K, 0% used [0x00000000ea800000,0x00000000ea800000,0x00000000ecf00000)
 ParOldGen       total 101888K, used 88130K [0x00000000a0000000, 0x00000000a6380000, 0x00000000e0000000)
  object space 101888K, 86% used [0x00000000a0000000,0x00000000a5610b30,0x00000000a6380000)
 Metaspace       used 78312K, capacity 81520K, committed 81664K, reserved 1120256K
  class space    used 10817K, capacity 11446K, committed 11520K, reserved 1048576K
Event: 350.659 GC heap after
Heap after GC invocations=20 (full 4):
 PSYoungGen      total 190976K, used 0K [0x00000000e0000000, 0x00000000f2b00000, 0x0000000100000000)
  eden space 172032K, 0% used [0x00000000e0000000,0x00000000e0000000,0x00000000ea800000)
  from space 18944K, 0% used [0x00000000ecf00000,0x00000000ecf00000,0x00000000ee180000)
  to   space 39936K, 0% used [0x00000000ea800000,0x00000000ea800000,0x00000000ecf00000)
 ParOldGen       total 209408K, used 95728K [0x00000000a0000000, 0x00000000acc80000, 0x00000000e0000000)
  object space 209408K, 45% used [0x00000000a0000000,0x00000000a5d7c348,0x00000000acc80000)
 Metaspace       used 78112K, capacity 80952K, committed 81664K, reserved 1120256K
  class space    used 10748K, capacity 11326K, committed 11520K, reserved 1048576K
}

