# JRE version: Java(TM) SE Runtime Environment (8.0_51-b16) (build 1.8.0_51-b16)
# Java VM: Java HotSpot(TM) 64-Bit Server VM (25.51-b03 mixed mode windows-amd64 compressed oops)
Heap:
 PSYoungGen      total 136192K, used 31252K [0x00000000e0000000, 0x00000000eb480000, 0x0000000100000000)
  eden space 115200K, 27% used [0x00000000e0000000,0x00000000e1e85028,0x00000000e7080000)
  from space 20992K, 0% used [0x00000000e7080000,0x00000000e7080000,0x00000000e8500000)
  to   space 20992K, 0% used [0x00000000ea000000,0x00000000ea000000,0x00000000eb480000)
 ParOldGen       total 130048K, used 33683K [0x00000000a0000000, 0x00000000a7f00000, 0x00000000e0000000)
  object space 130048K, 25% used [0x00000000a0000000,0x00000000a20e4e90,0x00000000a7f00000)
 Metaspace       used 60048K, capacity 61840K, committed 61952K, reserved 1101824K
  class space    used 8264K, capacity 8679K, committed 8704K, reserved 1048576K
GC Heap History (10 events):
Event: 39.013 GC heap before
{Heap before GC invocations=12 (full 2):
 PSYoungGen      total 83456K, used 83094K [0x00000000e0000000, 0x00000000e7080000, 0x0000000100000000)
  eden space 76800K, 100% used [0x00000000e0000000,0x00000000e4b00000,0x00000000e4b00000)
  from space 6656K, 94% used [0x00000000e6300000,0x00000000e69258a0,0x00000000e6980000)
  to   space 7168K, 0% used [0x00000000e6980000,0x00000000e6980000,0x00000000e7080000)
 ParOldGen       total 83456K, used 17707K [0x00000000a0000000, 0x00000000a5180000, 0x00000000e0000000)
  object space 83456K, 21% used [0x00000000a0000000,0x00000000a114ac78,0x00000000a5180000)
 Metaspace       used 45998K, capacity 46916K, committed 47232K, reserved 1089536K
  class space    used 6414K, capacity 6687K, committed 6784K, reserved 1048576K
Event: 39.033 GC heap after
Heap after GC invocations=12 (full 2):
 PSYoungGen      total 101888K, used 7164K [0x00000000e0000000, 0x00000000e7a00000, 0x0000000100000000)
  eden space 94720K, 0% used [0x00000000e0000000,0x00000000e0000000,0x00000000e5c80000)
  from space 7168K, 99% used [0x00000000e6980000,0x00000000e707f130,0x00000000e7080000)
  to   space 13312K, 0% used [0x00000000e5c80000,0x00000000e5c80000,0x00000000e6980000)
 ParOldGen       total 83456K, used 23638K [0x00000000a0000000, 0x00000000a5180000, 0x00000000e0000000)
  object space 83456K, 28% used [0x00000000a0000000,0x00000000a17158f8,0x00000000a5180000)
 Metaspace       used 45998K, capacity 46916K, committed 47232K, reserved 1089536K
  class space    used 6414K, capacity 6687K, committed 6784K, reserved 1048576K
}
Event: 42.635 GC heap before
{Heap before GC invocations=13 (full 2):
 PSYoungGen      total 101888K, used 101884K [0x00000000e0000000, 0x00000000e7a00000, 0x0000000100000000)
  eden space 94720K, 100% used [0x00000000e0000000,0x00000000e5c80000,0x00000000e5c80000)
  from space 7168K, 99% used [0x00000000e6980000,0x00000000e707f130,0x00000000e7080000)
  to   space 13312K, 0% used [0x00000000e5c80000,0x00000000e5c80000,0x00000000e6980000)
 ParOldGen       total 83456K, used 23638K [0x00000000a0000000, 0x00000000a5180000, 0x00000000e0000000)
  object space 83456K, 28% used [0x00000000a0000000,0x00000000a17158f8,0x00000000a5180000)
 Metaspace       used 50609K, capacity 51976K, committed 52096K, reserved 1093632K
  class space    used 7071K, capacity 7433K, committed 7552K, reserved 1048576K
Event: 42.659 GC heap after
Heap after GC invocations=13 (full 2):
 PSYoungGen      total 108032K, used 13286K [0x00000000e0000000, 0x00000000e9400000, 0x0000000100000000)
  eden space 94720K, 0% used [0x00000000e0000000,0x00000000e0000000,0x00000000e5c80000)
  from space 13312K, 99% used [0x00000000e5c80000,0x00000000e6979850,0x00000000e6980000)
  to   space 15360K, 0% used [0x00000000e8500000,0x00000000e8500000,0x00000000e9400000)
 ParOldGen       total 83456K, used 24663K [0x00000000a0000000, 0x00000000a5180000, 0x00000000e0000000)
  object space 83456K, 29% used [0x00000000a0000000,0x00000000a1815d20,0x00000000a5180000)
 Metaspace       used 50609K, capacity 51976K, committed 52096K, reserved 1093632K
  class space    used 7071K, capacity 7433K, committed 7552K, reserved 1048576K
}
Event: 48.918 GC heap before
{Heap before GC invocations=14 (full 2):
 PSYoungGen      total 108032K, used 107308K [0x00000000e0000000, 0x00000000e9400000, 0x0000000100000000)
  eden space 94720K, 99% used [0x00000000e0000000,0x00000000e5bd1b60,0x00000000e5c80000)
  from space 13312K, 99% used [0x00000000e5c80000,0x00000000e6979850,0x00000000e6980000)
  to   space 15360K, 0% used [0x00000000e8500000,0x00000000e8500000,0x00000000e9400000)
 ParOldGen       total 83456K, used 24663K [0x00000000a0000000, 0x00000000a5180000, 0x00000000e0000000)
  object space 83456K, 29% used [0x00000000a0000000,0x00000000a1815d20,0x00000000a5180000)
 Metaspace       used 54887K, capacity 56474K, committed 56704K, reserved 1097728K
  class space    used 7619K, capacity 7998K, committed 8064K, reserved 1048576K
Event: 48.959 GC heap after
Heap after GC invocations=14 (full 2):
 PSYoungGen      total 130560K, used 15349K [0x00000000e0000000, 0x00000000e9f00000, 0x0000000100000000)
  eden space 115200K, 0% used [0x00000000e0000000,0x00000000e0000000,0x00000000e7080000)
  from space 15360K, 99% used [0x00000000e8500000,0x00000000e93fd628,0x00000000e9400000)
  to   space 20992K, 0% used [0x00000000e7080000,0x00000000e7080000,0x00000000e8500000)
 ParOldGen       total 83456K, used 34627K [0x00000000a0000000, 0x00000000a5180000, 0x00000000e0000000)
  object space 83456K, 41% used [0x00000000a0000000,0x00000000a21d0c78,0x00000000a5180000)
 Metaspace       used 54887K, capacity 56474K, committed 56704K, reserved 1097728K
  class space    used 7619K, capacity 7998K, committed 8064K, reserved 1048576K
}
Event: 72.976 GC heap before
{Heap before GC invocations=15 (full 2):
 PSYoungGen      total 130560K, used 65707K [0x00000000e0000000, 0x00000000e9f00000, 0x0000000100000000)
  eden space 115200K, 43% used [0x00000000e0000000,0x00000000e312d8d8,0x00000000e7080000)
  from space 15360K, 99% used [0x00000000e8500000,0x00000000e93fd628,0x00000000e9400000)
  to   space 20992K, 0% used [0x00000000e7080000,0x00000000e7080000,0x00000000e8500000)
 ParOldGen       total 83456K, used 34627K [0x00000000a0000000, 0x00000000a5180000, 0x00000000e0000000)
  object space 83456K, 41% used [0x00000000a0000000,0x00000000a21d0c78,0x00000000a5180000)
 Metaspace       used 57183K, capacity 58986K, committed 59136K, reserved 1099776K
  class space    used 7918K, capacity 8326K, committed 8448K, reserved 1048576K
Event: 73.002 GC heap after
Heap after GC invocations=15 (full 2):
 PSYoungGen      total 136192K, used 4388K [0x00000000e0000000, 0x00000000eb480000, 0x0000000100000000)
  eden space 115200K, 0% used [0x00000000e0000000,0x00000000e0000000,0x00000000e7080000)
  from space 20992K, 20% used [0x00000000e7080000,0x00000000e74c91d8,0x00000000e8500000)
  to   space 20992K, 0% used [0x00000000ea000000,0x00000000ea000000,0x00000000eb480000)
 ParOldGen       total 83456K, used 46461K [0x00000000a0000000, 0x00000000a5180000, 0x00000000e0000000)
  object space 83456K, 55% used [0x00000000a0000000,0x00000000a2d5f748,0x00000000a5180000)
 Metaspace       used 57183K, capacity 58986K, committed 59136K, reserved 1099776K
  class space    used 7918K, capacity 8326K, committed 8448K, reserved 1048576K
}
Event: 73.002 GC heap before
{Heap before GC invocations=16 (full 3):
 PSYoungGen      total 136192K, used 4388K [0x00000000e0000000, 0x00000000eb480000, 0x0000000100000000)
  eden space 115200K, 0% used [0x00000000e0000000,0x00000000e0000000,0x00000000e7080000)
  from space 20992K, 20% used [0x00000000e7080000,0x00000000e74c91d8,0x00000000e8500000)
  to   space 20992K, 0% used [0x00000000ea000000,0x00000000ea000000,0x00000000eb480000)
 ParOldGen       total 83456K, used 46461K [0x00000000a0000000, 0x00000000a5180000, 0x00000000e0000000)
  object space 83456K, 55% used [0x00000000a0000000,0x00000000a2d5f748,0x00000000a5180000)
 Metaspace       used 57183K, capacity 58986K, committed 59136K, reserved 1099776K
  class space    used 7918K, capacity 8326K, committed 8448K, reserved 1048576K
Event: 73.372 GC heap after
Heap after GC invocations=16 (full 3):
 PSYoungGen      total 136192K, used 0K [0x00000000e0000000, 0x00000000eb480000, 0x0000000100000000)
  eden space 115200K, 0% used [0x00000000e0000000,0x00000000e0000000,0x00000000e7080000)
  from space 20992K, 0% used [0x00000000e7080000,0x00000000e7080000,0x00000000e8500000)
  to   space 20992K, 0% used [0x00000000ea000000,0x00000000ea000000,0x00000000eb480000)
 ParOldGen       total 130048K, used 33683K [0x00000000a0000000, 0x00000000a7f00000, 0x00000000e0000000)
  object space 130048K, 25% used [0x00000000a0000000,0x00000000a20e4e90,0x00000000a7f00000)
 Metaspace       used 57183K, capacity 58986K, committed 59136K, reserved 1099776K
  class space    used 7918K, capacity 8326K, committed 8448K, reserved 1048576K
}

