# JRE version: Java(TM) SE Runtime Environment (8.0_51-b16) (build 1.8.0_51-b16)
# Java VM: Java HotSpot(TM) 64-Bit Server VM (25.51-b03 mixed mode windows-amd64 compressed oops)
Heap:
 PSYoungGen      total 284672K, used 160276K [0x00000000eab00000, 0x0000000100000000, 0x0000000100000000)
  eden space 263168K, 55% used [0x00000000eab00000,0x00000000f3890510,0x00000000fac00000)
  from space 21504K, 71% used [0x00000000fac00000,0x00000000fbaf4ca8,0x00000000fc100000)
  to   space 22016K, 0% used [0x00000000fea80000,0x00000000fea80000,0x0000000100000000)
 ParOldGen       total 134656K, used 54208K [0x00000000c0000000, 0x00000000c8380000, 0x00000000eab00000)
  object space 134656K, 40% used [0x00000000c0000000,0x00000000c34f02c0,0x00000000c8380000)
 Metaspace       used 63465K, capacity 65710K, committed 66048K, reserved 1105920K
  class space    used 8649K, capacity 9090K, committed 9216K, reserved 1048576K
GC Heap History (10 events):
Event: 24.724 GC heap before
{Heap before GC invocations=18 (full 3):
 PSYoungGen      total 193024K, used 192978K [0x00000000eab00000, 0x00000000f8280000, 0x0000000100000000)
  eden space 175616K, 100% used [0x00000000eab00000,0x00000000f5680000,0x00000000f5680000)
  from space 17408K, 99% used [0x00000000f7180000,0x00000000f8274a50,0x00000000f8280000)
  to   space 20480K, 0% used [0x00000000f5a80000,0x00000000f5a80000,0x00000000f6e80000)
 ParOldGen       total 134656K, used 41596K [0x00000000c0000000, 0x00000000c8380000, 0x00000000eab00000)
  object space 134656K, 30% used [0x00000000c0000000,0x00000000c289f298,0x00000000c8380000)
 Metaspace       used 63148K, capacity 65298K, committed 65536K, reserved 1105920K
  class space    used 8639K, capacity 9090K, committed 9216K, reserved 1048576K
Event: 24.751 GC heap after
Heap after GC invocations=18 (full 3):
 PSYoungGen      total 200192K, used 15081K [0x00000000eab00000, 0x00000000faf00000, 0x0000000100000000)
  eden space 179712K, 0% used [0x00000000eab00000,0x00000000eab00000,0x00000000f5a80000)
  from space 20480K, 73% used [0x00000000f5a80000,0x00000000f693a650,0x00000000f6e80000)
  to   space 21504K, 0% used [0x00000000f9a00000,0x00000000f9a00000,0x00000000faf00000)
 ParOldGen       total 134656K, used 41604K [0x00000000c0000000, 0x00000000c8380000, 0x00000000eab00000)
  object space 134656K, 30% used [0x00000000c0000000,0x00000000c28a1298,0x00000000c8380000)
 Metaspace       used 63148K, capacity 65298K, committed 65536K, reserved 1105920K
  class space    used 8639K, capacity 9090K, committed 9216K, reserved 1048576K
}
Event: 25.821 GC heap before
{Heap before GC invocations=19 (full 3):
 PSYoungGen      total 200192K, used 194793K [0x00000000eab00000, 0x00000000faf00000, 0x0000000100000000)
  eden space 179712K, 100% used [0x00000000eab00000,0x00000000f5a80000,0x00000000f5a80000)
  from space 20480K, 73% used [0x00000000f5a80000,0x00000000f693a650,0x00000000f6e80000)
  to   space 21504K, 0% used [0x00000000f9a00000,0x00000000f9a00000,0x00000000faf00000)
 ParOldGen       total 134656K, used 41604K [0x00000000c0000000, 0x00000000c8380000, 0x00000000eab00000)
  object space 134656K, 30% used [0x00000000c0000000,0x00000000c28a1298,0x00000000c8380000)
 Metaspace       used 63206K, capacity 65366K, committed 65536K, reserved 1105920K
  class space    used 8640K, capacity 9090K, committed 9216K, reserved 1048576K
Event: 25.867 GC heap after
Heap after GC invocations=19 (full 3):
 PSYoungGen      total 243712K, used 16519K [0x00000000eab00000, 0x00000000fbc80000, 0x0000000100000000)
  eden space 222208K, 0% used [0x00000000eab00000,0x00000000eab00000,0x00000000f8400000)
  from space 21504K, 76% used [0x00000000f9a00000,0x00000000faa21c00,0x00000000faf00000)
  to   space 22528K, 0% used [0x00000000f8400000,0x00000000f8400000,0x00000000f9a00000)
 ParOldGen       total 134656K, used 41612K [0x00000000c0000000, 0x00000000c8380000, 0x00000000eab00000)
  object space 134656K, 30% used [0x00000000c0000000,0x00000000c28a3298,0x00000000c8380000)
 Metaspace       used 63206K, capacity 65366K, committed 65536K, reserved 1105920K
  class space    used 8640K, capacity 9090K, committed 9216K, reserved 1048576K
}
Event: 27.275 GC heap before
{Heap before GC invocations=20 (full 3):
 PSYoungGen      total 243712K, used 238727K [0x00000000eab00000, 0x00000000fbc80000, 0x0000000100000000)
  eden space 222208K, 100% used [0x00000000eab00000,0x00000000f8400000,0x00000000f8400000)
  from space 21504K, 76% used [0x00000000f9a00000,0x00000000faa21c00,0x00000000faf00000)
  to   space 22528K, 0% used [0x00000000f8400000,0x00000000f8400000,0x00000000f9a00000)
 ParOldGen       total 134656K, used 41612K [0x00000000c0000000, 0x00000000c8380000, 0x00000000eab00000)
  object space 134656K, 30% used [0x00000000c0000000,0x00000000c28a3298,0x00000000c8380000)
 Metaspace       used 63309K, capacity 65502K, committed 65792K, reserved 1105920K
  class space    used 8649K, capacity 9090K, committed 9216K, reserved 1048576K
Event: 27.305 GC heap after
Heap after GC invocations=20 (full 3):
 PSYoungGen      total 244736K, used 6720K [0x00000000eab00000, 0x00000000fda80000, 0x0000000100000000)
  eden space 222208K, 0% used [0x00000000eab00000,0x00000000eab00000,0x00000000f8400000)
  from space 22528K, 29% used [0x00000000f8400000,0x00000000f8a90050,0x00000000f9a00000)
  to   space 22016K, 0% used [0x00000000fc500000,0x00000000fc500000,0x00000000fda80000)
 ParOldGen       total 134656K, used 52920K [0x00000000c0000000, 0x00000000c8380000, 0x00000000eab00000)
  object space 134656K, 39% used [0x00000000c0000000,0x00000000c33ae290,0x00000000c8380000)
 Metaspace       used 63309K, capacity 65502K, committed 65792K, reserved 1105920K
  class space    used 8649K, capacity 9090K, committed 9216K, reserved 1048576K
}
Event: 29.318 GC heap before
{Heap before GC invocations=21 (full 3):
 PSYoungGen      total 244736K, used 228928K [0x00000000eab00000, 0x00000000fda80000, 0x0000000100000000)
  eden space 222208K, 100% used [0x00000000eab00000,0x00000000f8400000,0x00000000f8400000)
  from space 22528K, 29% used [0x00000000f8400000,0x00000000f8a90050,0x00000000f9a00000)
  to   space 22016K, 0% used [0x00000000fc500000,0x00000000fc500000,0x00000000fda80000)
 ParOldGen       total 134656K, used 52920K [0x00000000c0000000, 0x00000000c8380000, 0x00000000eab00000)
  object space 134656K, 39% used [0x00000000c0000000,0x00000000c33ae290,0x00000000c8380000)
 Metaspace       used 63423K, capacity 65638K, committed 65792K, reserved 1105920K
  class space    used 8649K, capacity 9090K, committed 9216K, reserved 1048576K
Event: 29.339 GC heap after
Heap after GC invocations=21 (full 3):
 PSYoungGen      total 280576K, used 8960K [0x00000000eab00000, 0x00000000fd600000, 0x0000000100000000)
  eden space 263168K, 0% used [0x00000000eab00000,0x00000000eab00000,0x00000000fac00000)
  from space 17408K, 51% used [0x00000000fc500000,0x00000000fcdc0020,0x00000000fd600000)
  to   space 21504K, 0% used [0x00000000fac00000,0x00000000fac00000,0x00000000fc100000)
 ParOldGen       total 134656K, used 54208K [0x00000000c0000000, 0x00000000c8380000, 0x00000000eab00000)
  object space 134656K, 40% used [0x00000000c0000000,0x00000000c34f02c0,0x00000000c8380000)
 Metaspace       used 63423K, capacity 65638K, committed 65792K, reserved 1105920K
  class space    used 8649K, capacity 9090K, committed 9216K, reserved 1048576K
}
Event: 30.877 GC heap before
{Heap before GC invocations=22 (full 3):
 PSYoungGen      total 280576K, used 272128K [0x00000000eab00000, 0x00000000fd600000, 0x0000000100000000)
  eden space 263168K, 100% used [0x00000000eab00000,0x00000000fac00000,0x00000000fac00000)
  from space 17408K, 51% used [0x00000000fc500000,0x00000000fcdc0020,0x00000000fd600000)
  to   space 21504K, 0% used [0x00000000fac00000,0x00000000fac00000,0x00000000fc100000)
 ParOldGen       total 134656K, used 54208K [0x00000000c0000000, 0x00000000c8380000, 0x00000000eab00000)
  object space 134656K, 40% used [0x00000000c0000000,0x00000000c34f02c0,0x00000000c8380000)
 Metaspace       used 63452K, capacity 65710K, committed 66048K, reserved 1105920K
  class space    used 8649K, capacity 9090K, committed 9216K, reserved 1048576K
Event: 30.922 GC heap after
Heap after GC invocations=22 (full 3):
 PSYoungGen      total 284672K, used 15315K [0x00000000eab00000, 0x0000000100000000, 0x0000000100000000)
  eden space 263168K, 0% used [0x00000000eab00000,0x00000000eab00000,0x00000000fac00000)
  from space 21504K, 71% used [0x00000000fac00000,0x00000000fbaf4ca8,0x00000000fc100000)
  to   space 22016K, 0% used [0x00000000fea80000,0x00000000fea80000,0x0000000100000000)
 ParOldGen       total 134656K, used 54208K [0x00000000c0000000, 0x00000000c8380000, 0x00000000eab00000)
  object space 134656K, 40% used [0x00000000c0000000,0x00000000c34f02c0,0x00000000c8380000)
 Metaspace       used 63452K, capacity 65710K, committed 66048K, reserved 1105920K
  class space    used 8649K, capacity 9090K, committed 9216K, reserved 1048576K
}

