# JRE version: Java(TM) SE Runtime Environment (8.0_51-b16) (build 1.8.0_51-b16)
# Java VM: Java HotSpot(TM) 64-Bit Server VM (25.51-b03 mixed mode windows-amd64 compressed oops)
Heap:
 PSYoungGen      total 313856K, used 76962K [0x00000000eab00000, 0x0000000100000000, 0x0000000100000000)
  eden space 293376K, 20% used [0x00000000eab00000,0x00000000ee6c95f8,0x00000000fc980000)
  from space 20480K, 76% used [0x00000000fdf00000,0x00000000fee5f2f0,0x00000000ff300000)
  to   space 22016K, 0% used [0x00000000fc980000,0x00000000fc980000,0x00000000fdf00000)
 ParOldGen       total 125440K, used 45951K [0x00000000c0000000, 0x00000000c7a80000, 0x00000000eab00000)
  object space 125440K, 36% used [0x00000000c0000000,0x00000000c2cdfea8,0x00000000c7a80000)
 Metaspace       used 75084K, capacity 77902K, committed 78080K, reserved 1116160K
  class space    used 9995K, capacity 10654K, committed 10752K, reserved 1048576K
GC Heap History (10 events):
Event: 39.577 GC heap before
{Heap before GC invocations=15 (full 2):
 PSYoungGen      total 188928K, used 41807K [0x00000000eab00000, 0x00000000f8400000, 0x0000000100000000)
  eden space 174080K, 15% used [0x00000000eab00000,0x00000000ec556be0,0x00000000f5500000)
  from space 14848K, 99% used [0x00000000f6780000,0x00000000f75fd2a8,0x00000000f7600000)
  to   space 18944K, 0% used [0x00000000f5500000,0x00000000f5500000,0x00000000f6780000)
 ParOldGen       total 79360K, used 29416K [0x00000000c0000000, 0x00000000c4d80000, 0x00000000eab00000)
  object space 79360K, 37% used [0x00000000c0000000,0x00000000c1cba038,0x00000000c4d80000)
 Metaspace       used 57368K, capacity 59120K, committed 59136K, reserved 1099776K
  class space    used 8029K, capacity 8441K, committed 8448K, reserved 1048576K
Event: 39.604 GC heap after
Heap after GC invocations=15 (full 2):
 PSYoungGen      total 193024K, used 3136K [0x00000000eab00000, 0x00000000fce80000, 0x0000000100000000)
  eden space 174080K, 0% used [0x00000000eab00000,0x00000000eab00000,0x00000000f5500000)
  from space 18944K, 16% used [0x00000000f5500000,0x00000000f5810000,0x00000000f6780000)
  to   space 18944K, 0% used [0x00000000fbc00000,0x00000000fbc00000,0x00000000fce80000)
 ParOldGen       total 79360K, used 42670K [0x00000000c0000000, 0x00000000c4d80000, 0x00000000eab00000)
  object space 79360K, 53% used [0x00000000c0000000,0x00000000c29ab918,0x00000000c4d80000)
 Metaspace       used 57368K, capacity 59120K, committed 59136K, reserved 1099776K
  class space    used 8029K, capacity 8441K, committed 8448K, reserved 1048576K
}
Event: 39.604 GC heap before
{Heap before GC invocations=16 (full 3):
 PSYoungGen      total 193024K, used 3136K [0x00000000eab00000, 0x00000000fce80000, 0x0000000100000000)
  eden space 174080K, 0% used [0x00000000eab00000,0x00000000eab00000,0x00000000f5500000)
  from space 18944K, 16% used [0x00000000f5500000,0x00000000f5810000,0x00000000f6780000)
  to   space 18944K, 0% used [0x00000000fbc00000,0x00000000fbc00000,0x00000000fce80000)
 ParOldGen       total 79360K, used 42670K [0x00000000c0000000, 0x00000000c4d80000, 0x00000000eab00000)
  object space 79360K, 53% used [0x00000000c0000000,0x00000000c29ab918,0x00000000c4d80000)
 Metaspace       used 57368K, capacity 59120K, committed 59136K, reserved 1099776K
  class space    used 8029K, capacity 8441K, committed 8448K, reserved 1048576K
Event: 40.033 GC heap after
Heap after GC invocations=16 (full 3):
 PSYoungGen      total 193024K, used 0K [0x00000000eab00000, 0x00000000fce80000, 0x0000000100000000)
  eden space 174080K, 0% used [0x00000000eab00000,0x00000000eab00000,0x00000000f5500000)
  from space 18944K, 0% used [0x00000000f5500000,0x00000000f5500000,0x00000000f6780000)
  to   space 18944K, 0% used [0x00000000fbc00000,0x00000000fbc00000,0x00000000fce80000)
 ParOldGen       total 125440K, used 42826K [0x00000000c0000000, 0x00000000c7a80000, 0x00000000eab00000)
  object space 125440K, 34% used [0x00000000c0000000,0x00000000c29d2b38,0x00000000c7a80000)
 Metaspace       used 57368K, capacity 59120K, committed 59136K, reserved 1099776K
  class space    used 8029K, capacity 8441K, committed 8448K, reserved 1048576K
}
Event: 60.130 GC heap before
{Heap before GC invocations=17 (full 3):
 PSYoungGen      total 193024K, used 174080K [0x00000000eab00000, 0x00000000fce80000, 0x0000000100000000)
  eden space 174080K, 100% used [0x00000000eab00000,0x00000000f5500000,0x00000000f5500000)
  from space 18944K, 0% used [0x00000000f5500000,0x00000000f5500000,0x00000000f6780000)
  to   space 18944K, 0% used [0x00000000fbc00000,0x00000000fbc00000,0x00000000fce80000)
 ParOldGen       total 125440K, used 42826K [0x00000000c0000000, 0x00000000c7a80000, 0x00000000eab00000)
  object space 125440K, 34% used [0x00000000c0000000,0x00000000c29d2b38,0x00000000c7a80000)
 Metaspace       used 64665K, capacity 66982K, committed 67200K, reserved 1107968K
  class space    used 8766K, capacity 9342K, committed 9344K, reserved 1048576K
Event: 60.163 GC heap after
Heap after GC invocations=17 (full 3):
 PSYoungGen      total 249344K, used 18773K [0x00000000eab00000, 0x00000000fce80000, 0x0000000100000000)
  eden space 230400K, 0% used [0x00000000eab00000,0x00000000eab00000,0x00000000f8c00000)
  from space 18944K, 99% used [0x00000000fbc00000,0x00000000fce55750,0x00000000fce80000)
  to   space 21504K, 0% used [0x00000000fa480000,0x00000000fa480000,0x00000000fb980000)
 ParOldGen       total 125440K, used 42834K [0x00000000c0000000, 0x00000000c7a80000, 0x00000000eab00000)
  object space 125440K, 34% used [0x00000000c0000000,0x00000000c29d4b38,0x00000000c7a80000)
 Metaspace       used 64665K, capacity 66982K, committed 67200K, reserved 1107968K
  class space    used 8766K, capacity 9342K, committed 9344K, reserved 1048576K
}
Event: 262.697 GC heap before
{Heap before GC invocations=18 (full 3):
 PSYoungGen      total 249344K, used 249173K [0x00000000eab00000, 0x00000000fce80000, 0x0000000100000000)
  eden space 230400K, 100% used [0x00000000eab00000,0x00000000f8c00000,0x00000000f8c00000)
  from space 18944K, 99% used [0x00000000fbc00000,0x00000000fce55750,0x00000000fce80000)
  to   space 21504K, 0% used [0x00000000fa480000,0x00000000fa480000,0x00000000fb980000)
 ParOldGen       total 125440K, used 42834K [0x00000000c0000000, 0x00000000c7a80000, 0x00000000eab00000)
  object space 125440K, 34% used [0x00000000c0000000,0x00000000c29d4b38,0x00000000c7a80000)
 Metaspace       used 67280K, capacity 69868K, committed 70144K, reserved 1110016K
  class space    used 9042K, capacity 9661K, committed 9728K, reserved 1048576K
Event: 262.732 GC heap after
Heap after GC invocations=18 (full 3):
 PSYoungGen      total 276992K, used 9648K [0x00000000eab00000, 0x00000000ff300000, 0x0000000100000000)
  eden space 255488K, 0% used [0x00000000eab00000,0x00000000eab00000,0x00000000fa480000)
  from space 21504K, 44% used [0x00000000fa480000,0x00000000fadec040,0x00000000fb980000)
  to   space 20480K, 0% used [0x00000000fdf00000,0x00000000fdf00000,0x00000000ff300000)
 ParOldGen       total 125440K, used 45938K [0x00000000c0000000, 0x00000000c7a80000, 0x00000000eab00000)
  object space 125440K, 36% used [0x00000000c0000000,0x00000000c2cdcb80,0x00000000c7a80000)
 Metaspace       used 67280K, capacity 69868K, committed 70144K, reserved 1110016K
  class space    used 9042K, capacity 9661K, committed 9728K, reserved 1048576K
}
Event: 272.497 GC heap before
{Heap before GC invocations=19 (full 3):
 PSYoungGen      total 276992K, used 265136K [0x00000000eab00000, 0x00000000ff300000, 0x0000000100000000)
  eden space 255488K, 100% used [0x00000000eab00000,0x00000000fa480000,0x00000000fa480000)
  from space 21504K, 44% used [0x00000000fa480000,0x00000000fadec040,0x00000000fb980000)
  to   space 20480K, 0% used [0x00000000fdf00000,0x00000000fdf00000,0x00000000ff300000)
 ParOldGen       total 125440K, used 45943K [0x00000000c0000000, 0x00000000c7a80000, 0x00000000eab00000)
  object space 125440K, 36% used [0x00000000c0000000,0x00000000c2cddea8,0x00000000c7a80000)
 Metaspace       used 72752K, capacity 75392K, committed 75648K, reserved 1114112K
  class space    used 9679K, capacity 10309K, committed 10368K, reserved 1048576K
Event: 272.542 GC heap after
Heap after GC invocations=19 (full 3):
 PSYoungGen      total 313856K, used 15740K [0x00000000eab00000, 0x0000000100000000, 0x0000000100000000)
  eden space 293376K, 0% used [0x00000000eab00000,0x00000000eab00000,0x00000000fc980000)
  from space 20480K, 76% used [0x00000000fdf00000,0x00000000fee5f2f0,0x00000000ff300000)
  to   space 22016K, 0% used [0x00000000fc980000,0x00000000fc980000,0x00000000fdf00000)
 ParOldGen       total 125440K, used 45951K [0x00000000c0000000, 0x00000000c7a80000, 0x00000000eab00000)
  object space 125440K, 36% used [0x00000000c0000000,0x00000000c2cdfea8,0x00000000c7a80000)
 Metaspace       used 72752K, capacity 75392K, committed 75648K, reserved 1114112K
  class space    used 9679K, capacity 10309K, committed 10368K, reserved 1048576K
}

