# JRE version: Java(TM) SE Runtime Environment (8.0_51-b16) (build 1.8.0_51-b16)
# Java VM: Java HotSpot(TM) 64-Bit Server VM (25.51-b03 mixed mode windows-amd64 compressed oops)
Heap:
 PSYoungGen      total 216064K, used 6836K [0x00000000e0000000, 0x00000000ee500000, 0x0000000100000000)
  eden space 200704K, 0% used [0x00000000e0000000,0x00000000e0000000,0x00000000ec400000)
  from space 15360K, 44% used [0x00000000ec700000,0x00000000ecdad3c8,0x00000000ed600000)
  to   space 9216K, 0% used [0x00000000edc00000,0x00000000edc00000,0x00000000ee500000)
 ParOldGen       total 106496K, used 25039K [0x00000000a0000000, 0x00000000a6800000, 0x00000000e0000000)
  object space 106496K, 23% used [0x00000000a0000000,0x00000000a1873ea8,0x00000000a6800000)
 Metaspace       used 41008K, capacity 41880K, committed 42032K, reserved 1089536K
  class space    used 5646K, capacity 5918K, committed 5936K, reserved 1048576K
GC Heap History (10 events):
Event: 15.153 GC heap after
Heap after GC invocations=4 (full 0):
 PSYoungGen      total 138240K, used 5107K [0x00000000e0000000, 0x00000000e8c00000, 0x0000000100000000)
  eden space 133120K, 0% used [0x00000000e0000000,0x00000000e0000000,0x00000000e8200000)
  from space 5120K, 99% used [0x00000000e8700000,0x00000000e8bfcdc0,0x00000000e8c00000)
  to   space 5120K, 0% used [0x00000000e8200000,0x00000000e8200000,0x00000000e8700000)
 ParOldGen       total 87552K, used 9425K [0x00000000a0000000, 0x00000000a5580000, 0x00000000e0000000)
  object space 87552K, 10% used [0x00000000a0000000,0x00000000a09347d8,0x00000000a5580000)
 Metaspace       used 20770K, capacity 21186K, committed 21296K, reserved 1067008K
  class space    used 2940K, capacity 3097K, committed 3120K, reserved 1048576K
}
Event: 15.153 GC heap before
{Heap before GC invocations=5 (full 1):
 PSYoungGen      total 138240K, used 5107K [0x00000000e0000000, 0x00000000e8c00000, 0x0000000100000000)
  eden space 133120K, 0% used [0x00000000e0000000,0x00000000e0000000,0x00000000e8200000)
  from space 5120K, 99% used [0x00000000e8700000,0x00000000e8bfcdc0,0x00000000e8c00000)
  to   space 5120K, 0% used [0x00000000e8200000,0x00000000e8200000,0x00000000e8700000)
 ParOldGen       total 87552K, used 9425K [0x00000000a0000000, 0x00000000a5580000, 0x00000000e0000000)
  object space 87552K, 10% used [0x00000000a0000000,0x00000000a09347d8,0x00000000a5580000)
 Metaspace       used 20770K, capacity 21186K, committed 21296K, reserved 1067008K
  class space    used 2940K, capacity 3097K, committed 3120K, reserved 1048576K
Event: 15.264 GC heap after
Heap after GC invocations=5 (full 1):
 PSYoungGen      total 138240K, used 0K [0x00000000e0000000, 0x00000000e8c00000, 0x0000000100000000)
  eden space 133120K, 0% used [0x00000000e0000000,0x00000000e0000000,0x00000000e8200000)
  from space 5120K, 0% used [0x00000000e8700000,0x00000000e8700000,0x00000000e8c00000)
  to   space 5120K, 0% used [0x00000000e8200000,0x00000000e8200000,0x00000000e8700000)
 ParOldGen       total 61440K, used 8760K [0x00000000a0000000, 0x00000000a3c00000, 0x00000000e0000000)
  object space 61440K, 14% used [0x00000000a0000000,0x00000000a088e130,0x00000000a3c00000)
 Metaspace       used 20770K, capacity 21186K, committed 21296K, reserved 1067008K
  class space    used 2940K, capacity 3097K, committed 3120K, reserved 1048576K
}
Event: 22.279 GC heap before
{Heap before GC invocations=6 (full 1):
 PSYoungGen      total 138240K, used 133120K [0x00000000e0000000, 0x00000000e8c00000, 0x0000000100000000)
  eden space 133120K, 100% used [0x00000000e0000000,0x00000000e8200000,0x00000000e8200000)
  from space 5120K, 0% used [0x00000000e8700000,0x00000000e8700000,0x00000000e8c00000)
  to   space 5120K, 0% used [0x00000000e8200000,0x00000000e8200000,0x00000000e8700000)
 ParOldGen       total 61440K, used 8760K [0x00000000a0000000, 0x00000000a3c00000, 0x00000000e0000000)
  object space 61440K, 14% used [0x00000000a0000000,0x00000000a088e130,0x00000000a3c00000)
 Metaspace       used 32585K, capacity 33292K, committed 33456K, reserved 1077248K
  class space    used 4552K, capacity 4776K, committed 4784K, reserved 1048576K
Event: 22.315 GC heap after
Heap after GC invocations=6 (full 1):
 PSYoungGen      total 138240K, used 5120K [0x00000000e0000000, 0x00000000eec00000, 0x0000000100000000)
  eden space 133120K, 0% used [0x00000000e0000000,0x00000000e0000000,0x00000000e8200000)
  from space 5120K, 100% used [0x00000000e8200000,0x00000000e8700000,0x00000000e8700000)
  to   space 16384K, 0% used [0x00000000edc00000,0x00000000edc00000,0x00000000eec00000)
 ParOldGen       total 61440K, used 19156K [0x00000000a0000000, 0x00000000a3c00000, 0x00000000e0000000)
  object space 61440K, 31% used [0x00000000a0000000,0x00000000a12b5018,0x00000000a3c00000)
 Metaspace       used 32585K, capacity 33292K, committed 33456K, reserved 1077248K
  class space    used 4552K, capacity 4776K, committed 4784K, reserved 1048576K
}
Event: 32.905 GC heap before
{Heap before GC invocations=7 (full 1):
 PSYoungGen      total 138240K, used 45093K [0x00000000e0000000, 0x00000000eec00000, 0x0000000100000000)
  eden space 133120K, 30% used [0x00000000e0000000,0x00000000e2709738,0x00000000e8200000)
  from space 5120K, 100% used [0x00000000e8200000,0x00000000e8700000,0x00000000e8700000)
  to   space 16384K, 0% used [0x00000000edc00000,0x00000000edc00000,0x00000000eec00000)
 ParOldGen       total 61440K, used 19156K [0x00000000a0000000, 0x00000000a3c00000, 0x00000000e0000000)
  object space 61440K, 31% used [0x00000000a0000000,0x00000000a12b5018,0x00000000a3c00000)
 Metaspace       used 34598K, capacity 35382K, committed 35496K, reserved 1079296K
  class space    used 4841K, capacity 5092K, committed 5168K, reserved 1048576K
Event: 32.919 GC heap after
Heap after GC invocations=7 (full 1):
 PSYoungGen      total 209920K, used 9075K [0x00000000e0000000, 0x00000000ee500000, 0x0000000100000000)
  eden space 200704K, 0% used [0x00000000e0000000,0x00000000e0000000,0x00000000ec400000)
  from space 9216K, 98% used [0x00000000edc00000,0x00000000ee4dcd88,0x00000000ee500000)
  to   space 15360K, 0% used [0x00000000ec700000,0x00000000ec700000,0x00000000ed600000)
 ParOldGen       total 61440K, used 19164K [0x00000000a0000000, 0x00000000a3c00000, 0x00000000e0000000)
  object space 61440K, 31% used [0x00000000a0000000,0x00000000a12b7018,0x00000000a3c00000)
 Metaspace       used 34598K, capacity 35382K, committed 35496K, reserved 1079296K
  class space    used 4841K, capacity 5092K, committed 5168K, reserved 1048576K
}
Event: 32.919 GC heap before
{Heap before GC invocations=8 (full 2):
 PSYoungGen      total 209920K, used 9075K [0x00000000e0000000, 0x00000000ee500000, 0x0000000100000000)
  eden space 200704K, 0% used [0x00000000e0000000,0x00000000e0000000,0x00000000ec400000)
  from space 9216K, 98% used [0x00000000edc00000,0x00000000ee4dcd88,0x00000000ee500000)
  to   space 15360K, 0% used [0x00000000ec700000,0x00000000ec700000,0x00000000ed600000)
 ParOldGen       total 61440K, used 19164K [0x00000000a0000000, 0x00000000a3c00000, 0x00000000e0000000)
  object space 61440K, 31% used [0x00000000a0000000,0x00000000a12b7018,0x00000000a3c00000)
 Metaspace       used 34598K, capacity 35382K, committed 35496K, reserved 1079296K
  class space    used 4841K, capacity 5092K, committed 5168K, reserved 1048576K
Event: 33.065 GC heap after
Heap after GC invocations=8 (full 2):
 PSYoungGen      total 209920K, used 0K [0x00000000e0000000, 0x00000000ee500000, 0x0000000100000000)
  eden space 200704K, 0% used [0x00000000e0000000,0x00000000e0000000,0x00000000ec400000)
  from space 9216K, 0% used [0x00000000edc00000,0x00000000edc00000,0x00000000ee500000)
  to   space 15360K, 0% used [0x00000000ec700000,0x00000000ec700000,0x00000000ed600000)
 ParOldGen       total 106496K, used 25031K [0x00000000a0000000, 0x00000000a6800000, 0x00000000e0000000)
  object space 106496K, 23% used [0x00000000a0000000,0x00000000a1871ea8,0x00000000a6800000)
 Metaspace       used 34545K, capacity 35250K, committed 35496K, reserved 1079296K
  class space    used 4827K, capacity 5048K, committed 5168K, reserved 1048576K
}
Event: 35.765 GC heap before
{Heap before GC invocations=9 (full 2):
 PSYoungGen      total 209920K, used 71676K [0x00000000e0000000, 0x00000000ee500000, 0x0000000100000000)
  eden space 200704K, 35% used [0x00000000e0000000,0x00000000e45ff068,0x00000000ec400000)
  from space 9216K, 0% used [0x00000000edc00000,0x00000000edc00000,0x00000000ee500000)
  to   space 15360K, 0% used [0x00000000ec700000,0x00000000ec700000,0x00000000ed600000)
 ParOldGen       total 106496K, used 25031K [0x00000000a0000000, 0x00000000a6800000, 0x00000000e0000000)
  object space 106496K, 23% used [0x00000000a0000000,0x00000000a1871ea8,0x00000000a6800000)
 Metaspace       used 41008K, capacity 41880K, committed 42032K, reserved 1089536K
  class space    used 5646K, capacity 5918K, committed 5936K, reserved 1048576K

